<?xml version="1.0" encoding="UTF-8"?>
<testsuite name="com.automationpractice.runner.TestRunner" time="7.061" tests="26" errors="0" skipped="0" failures="0">
  <properties>
[...]
</properties>
  <testcase name="Given user enters the URL" classname="| automation.practice@gmail.com | Automation123 | Faded Short Sleeve T-shirts - Color : Orange, Size : S |" time="0.047"/>
  <testcase name="When user clicks on sign in" classname="| automation.practice@gmail.com | Automation123 | Faded Short Sleeve T-shirts - Color : Orange, Size : S |" time="0"/>
  <testcase name="When user enters userName as &quot;automation.practice@gmail.com&quot; and password as &quot;Automation123&quot;" classname="| automation.practice@gmail.com | Automation123 | Faded Short Sleeve T-shirts - Color : Orange, Size : S |" time="0"/>
  <testcase name="And user clicks on T-Shirts" classname="| automation.practice@gmail.com | Automation123 | Faded Short Sleeve T-shirts - Color : Orange, Size : S |" time="0"/>
  <testcase name="And user selects a T-Shirt" classname="| automation.practice@gmail.com | Automation123 | Faded Short Sleeve T-shirts - Color : Orange, Size : S |" time="0"/>
  <testcase name="When user clicks on AddToCart" classname="| automation.practice@gmail.com | Automation123 | Faded Short Sleeve T-shirts - Color : Orange, Size : S |" time="0"/>
  <testcase name="And user clicks on Proceed to checkout button" classname="| automation.practice@gmail.com | Automation123 | Faded Short Sleeve T-shirts - Color : Orange, Size : S |" time="0"/>
  <testcase name="When user accepts terms and conditions" classname="| automation.practice@gmail.com | Automation123 | Faded Short Sleeve T-shirts - Color : Orange, Size : S |" time="0"/>
  <testcase name="And user clicks on Proceed to checkout" classname="| automation.practice@gmail.com | Automation123 | Faded Short Sleeve T-shirts - Color : Orange, Size : S |" time="0"/>
  <testcase name="And select payment type as PayByCheck" classname="| automation.practice@gmail.com | Automation123 | Faded Short Sleeve T-shirts - Color : Orange, Size : S |" time="0"/>
  <testcase name="When user confirms the order" classname="| automation.practice@gmail.com | Automation123 | Faded Short Sleeve T-shirts - Color : Orange, Size : S |" time="0"/>
  <testcase name="When user clicks on my orders" classname="| automation.practice@gmail.com | Automation123 | Faded Short Sleeve T-shirts - Color : Orange, Size : S |" time="0"/>
  <testcase name="And user clicks on order reference" classname="| automation.practice@gmail.com | Automation123 | Faded Short Sleeve T-shirts - Color : Orange, Size : S |" time="0"/>
  <testcase name="Then verity the &quot;Faded Short Sleeve T-shirts - Color : Orange, Size : S&quot; exist in order history" classname="| automation.practice@gmail.com | Automation123 | Faded Short Sleeve T-shirts - Color : Orange, Size : S |" time="0"/>
  <testcase name="| automation.practice@gmail.com | Automation123 | Faded Short Sleeve T-shirts - Color : Orange, Size : S |" classname="| automation.practice@gmail.com | Automation123 | Faded Short Sleeve T-shirts - Color : Orange, Size : S |" time="6.026"/>
  <testcase name="Given user enters the URL" classname="| automation.practice@gmail.com | Automation123 | Peter |" time="0"/>
  <testcase name="When user clicks on sign in" classname="| automation.practice@gmail.com | Automation123 | Peter |" time="0"/>
  <testcase name="When user enters userName as &quot;automation.practice@gmail.com&quot; and password as &quot;Automation123&quot;" classname="| automation.practice@gmail.com | Automation123 | Peter |" time="0"/>
  <testcase name="When user clicks on my personal information" classname="| automation.practice@gmail.com | Automation123 | Peter |" time="0"/>
  <testcase name="And user updates first name as &quot;Peter&quot;" classname="| automation.practice@gmail.com | Automation123 | Peter |" time="0"/>
  <testcase name="And user enters current password as &quot;Automation123&quot;" classname="| automation.practice@gmail.com | Automation123 | Peter |" time="0"/>
  <testcase name="When user clicks on save button" classname="| automation.practice@gmail.com | Automation123 | Peter |" time="0"/>
  <testcase name="When user clicks on back to your account" classname="| automation.practice@gmail.com | Automation123 | Peter |" time="0"/>
  <testcase name="When user clicks on my personal information" classname="| automation.practice@gmail.com | Automation123 | Peter |" time="0.001"/>
  <testcase name="Then verify first name field appears updated as &quot;Peter&quot;" classname="| automation.practice@gmail.com | Automation123 | Peter |" time="0"/>
  <testcase name="| automation.practice@gmail.com | Automation123 | Peter |" classname="| automation.practice@gmail.com | Automation123 | Peter |" time="0.987"/>
</testsuite>